2024-01-28 12:31:37 - root - INFO - {'method': 'GET', 'path': '/api/v1/link/', 'query_params': QueryParams(''), 'body': b'', 'status_code': 200, 'process_time': '0.0020 ms'}
2024-01-28 12:38:06 - root - INFO - {'method': 'GET', 'path': '/', 'query_params': QueryParams(''), 'body': b'', 'status_code': 200, 'process_time': '0.0020 ms'}
2024-01-28 12:38:23 - root - INFO - {'method': 'GET', 'path': '/api/v1/link', 'query_params': QueryParams(''), 'body': b'', 'status_code': 307, 'process_time': '0.0000 ms'}
2024-01-28 12:38:23 - root - INFO - {'method': 'GET', 'path': '/api/v1/link/', 'query_params': QueryParams(''), 'body': b'', 'status_code': 200, 'process_time': '0.0000 ms'}
2024-01-28 12:41:02 - INFO - {'method': 'GET', 'path': '/api/v1/link/', 'query_params': QueryParams(''), 'body': b'', 'status_code': 200, 'process_time': '0.0010 ms'}
2024-01-28 12:49:32 - INFO - {'method': 'GET', 'path': '/', 'query_params': QueryParams(''), 'body': b'', 'status_code': 200, 'process_time': '0.0020 ms'}
2024-01-28 12:50:49 - INFO - {'method': 'GET', 'path': '/api/v1/link', 'query_params': QueryParams(''), 'body': b'', 'status_code': 307, 'process_time': '0.0005 ms'}
2024-01-28 12:50:49 - INFO - {'method': 'GET', 'path': '/api/v1/link/', 'query_params': QueryParams(''), 'body': b'', 'status_code': 200, 'process_time': '0.0000 ms'}
2024-01-28 12:51:02 - INFO - {'method': 'GET', 'path': '/api/v1/link', 'query_params': QueryParams(''), 'body': b'', 'status_code': 307, 'process_time': '0.0005 ms'}
2024-01-28 12:51:03 - INFO - {'method': 'GET', 'path': '/api/v1/link/', 'query_params': QueryParams(''), 'body': b'', 'status_code': 200, 'process_time': '0.0007 ms'}
2024-01-28 12:51:45 - INFO - {'method': 'POST', 'path': '/api/v1/link', 'query_params': QueryParams(''), 'body': b'{\n  "link": "http://localhost:8000/"\n}', 'status_code': 307, 'process_time': '0.0006 ms'}
2024-01-28 12:53:53 - INFO - {'method': 'POST', 'path': '/api/v1/link', 'query_params': QueryParams(''), 'body': b'{\n  "link": "http://localhost:8000/", \n  "description": "Some description"\n}', 'status_code': 307, 'process_time': '0.0006 ms'}
2024-01-28 12:59:08 - INFO - {'method': 'POST', 'path': '/api/v1/link', 'query_params': QueryParams(''), 'body': b'{\n  "link": "http://localhost:8000/", \n  "description": "Some description"\n}', 'status_code': 307, 'process_time': '0.0010 ms'}
2024-01-28 13:02:19 - INFO - {'method': 'POST', 'path': '/api/v1/link', 'query_params': QueryParams(''), 'body': b'{\n  "link": "http://localhost:8000/", \n  "description": "Some description"\n}', 'status_code': 307, 'process_time': '0.0000 ms'}
2024-01-28 13:04:59 - INFO - {'method': 'GET', 'path': '/api/v1/link', 'query_params': QueryParams(''), 'body': b'', 'status_code': 200, 'process_time': '0.0015 ms'}
2024-01-28 13:07:03 - INFO - {'method': 'POST', 'path': '/api/v1/link', 'query_params': QueryParams(''), 'status_code': 200, 'process_time': '0.0020 ms'}
2024-01-28 13:07:22 - INFO - {'method': 'POST', 'path': '/api/v1/link', 'status_code': 200, 'process_time': '0.0018 ms'}
2024-01-28 13:08:15 - INFO - {'method': 'POST', 'path': '/api/v1/link', 'status_code': 307, 'process_time': '0.0011 ms'}
2024-01-28 13:08:26 - INFO - {'method': 'POST', 'path': '/api/v1/link', 'status_code': 307, 'process_time': '0.0010 ms'}
2024-01-28 13:08:27 - INFO - {'method': 'POST', 'path': '/api/v1/link/', 'status_code': 200, 'process_time': '0.0015 ms'}
2024-01-28 13:08:36 - INFO - {'method': 'POST', 'path': '/api/v1/link', 'status_code': 307, 'process_time': '0.0005 ms'}
2024-01-28 13:08:37 - INFO - {'method': 'POST', 'path': '/api/v1/link/', 'status_code': 200, 'process_time': '0.0023 ms'}
2024-01-28 13:09:00 - INFO - {'method': 'POST', 'path': '/api/v1/link', 'status_code': 307, 'process_time': '0.0006 ms'}
2024-01-28 13:09:01 - INFO - {'method': 'POST', 'path': '/api/v1/link/', 'status_code': 422, 'process_time': '0.0022 ms'}
2024-01-28 13:09:06 - INFO - {'method': 'POST', 'path': '/api/v1/link', 'status_code': 307, 'process_time': '0.0005 ms'}
2024-01-28 13:09:07 - INFO - {'method': 'POST', 'path': '/api/v1/link/', 'status_code': 200, 'process_time': '0.0011 ms'}
2024-01-28 17:45:42 - INFO - {'method': 'POST', 'path': '/api/v1/link', 'status_code': 307, 'process_time': '0.0005 ms'}
2024-01-28 17:45:43 - INFO - {'method': 'POST', 'path': '/api/v1/link/', 'status_code': 200, 'process_time': '0.0016 ms'}
2024-01-28 17:48:00 - INFO - {'method': 'POST', 'path': '/api/v1/link', 'status_code': 307, 'process_time': '0.0000 ms'}
2024-01-28 17:48:00 - INFO - {'method': 'POST', 'path': '/api/v1/link/', 'status_code': 200, 'process_time': '0.0017 ms'}
2024-01-28 18:10:34 - INFO - {'method': 'POST', 'path': '/api/v1/url/shorten', 'status_code': 422, 'process_time': '0.0025 ms'}
2024-01-28 18:11:33 - INFO - Received request to shorten url: url=Url('http://localhost:8000/') description='Some description'
2024-01-28 18:11:33 - INFO - {'method': 'POST', 'path': '/api/v1/url/shorten', 'status_code': 200, 'process_time': '0.0028 ms'}
2024-01-28 18:22:10 - INFO - Received request to shorten url: url=Url('http://localhost:8000/') description='Some description'
2024-01-28 18:22:10 - INFO - {'method': 'POST', 'path': '/api/v1/url/shorten', 'status_code': 200, 'process_time': '0.0030 ms'}
2024-01-28 18:22:11 - INFO - Received request to shorten url: url=Url('http://localhost:8000/') description='Some description'
2024-01-28 18:22:11 - INFO - {'method': 'POST', 'path': '/api/v1/url/shorten', 'status_code': 200, 'process_time': '0.0017 ms'}
2024-01-28 18:22:13 - INFO - Received request to shorten url: url=Url('http://localhost:8000/') description='Some description'
2024-01-28 18:22:13 - INFO - {'method': 'POST', 'path': '/api/v1/url/shorten', 'status_code': 200, 'process_time': '0.0005 ms'}
2024-01-28 18:22:14 - INFO - Received request to shorten url: url=Url('http://localhost:8000/') description='Some description'
2024-01-28 18:22:14 - INFO - {'method': 'POST', 'path': '/api/v1/url/shorten', 'status_code': 200, 'process_time': '0.0011 ms'}
2024-01-28 18:22:15 - INFO - Received request to shorten url: url=Url('http://localhost:8000/') description='Some description'
2024-01-28 18:22:15 - INFO - {'method': 'POST', 'path': '/api/v1/url/shorten', 'status_code': 200, 'process_time': '0.0013 ms'}
2024-01-29 11:08:04 - INFO - {'method': 'POST', 'path': '/api/url', 'status_code': 422, 'process_time': '0.0066 ms'}
2024-01-29 11:14:45 - INFO - {'method': 'POST', 'path': '/api/url', 'status_code': 422, 'process_time': '0.0020 ms'}
2024-01-29 11:15:36 - INFO - {'method': 'POST', 'path': '/api/url', 'status_code': 422, 'process_time': '0.0020 ms'}
2024-01-29 11:16:03 - INFO - {'method': 'POST', 'path': '/api/url', 'status_code': 422, 'process_time': '0.0020 ms'}
2024-01-29 11:16:13 - INFO - {'method': 'POST', 'path': '/api/url', 'status_code': 422, 'process_time': '0.0020 ms'}
2024-01-29 11:17:22 - INFO - {'method': 'POST', 'path': '/api/url', 'status_code': 200, 'process_time': '0.0021 ms'}
2024-01-29 11:17:51 - INFO - {'method': 'POST', 'path': '/api/url', 'status_code': 200, 'process_time': '0.0020 ms'}
2024-01-29 11:17:56 - INFO - {'method': 'POST', 'path': '/api/url', 'status_code': 422, 'process_time': '0.0011 ms'}
2024-01-29 11:19:44 - INFO - {'method': 'POST', 'path': '/api/url', 'status_code': 200, 'process_time': '0.0035 ms'}
2024-01-29 11:19:49 - INFO - {'method': 'POST', 'path': '/api/url', 'status_code': 200, 'process_time': '0.0006 ms'}
2024-01-29 11:19:55 - INFO - {'method': 'POST', 'path': '/api/url', 'status_code': 200, 'process_time': '0.0011 ms'}
2024-01-29 11:22:40 - INFO - {'method': 'POST', 'path': '/api/url', 'status_code': 200, 'process_time': '0.0020 ms'}
2024-01-29 11:22:50 - INFO - {'method': 'POST', 'path': '/api/url', 'status_code': 200, 'process_time': '0.0020 ms'}
2024-01-29 11:23:10 - INFO - {'method': 'POST', 'path': '/api/url', 'status_code': 200, 'process_time': '0.0010 ms'}
2024-01-29 11:23:26 - INFO - {'method': 'POST', 'path': '/api/url', 'status_code': 200, 'process_time': '0.0020 ms'}
2024-01-29 11:23:42 - INFO - {'method': 'POST', 'path': '/api/url', 'status_code': 200, 'process_time': '0.0025 ms'}
2024-01-29 11:36:25 - INFO - Received request to create url: url=Url('https://www.youtube.com/') description=None
2024-01-29 11:36:25 - INFO - Generated short url: 3doUusFN
2024-01-29 11:45:01 - INFO - Received request to create url: url=Url('https://www.youtube.com/') description=None
2024-01-29 11:45:01 - INFO - Received request to create url: url=Url('https://www.youtube.com/') description=None
2024-01-29 11:45:01 - INFO - Generated short url: FitNeSec
2024-01-29 11:49:33 - INFO - Received request to create url: url=Url('https://www.youtube.com/') description=None
2024-01-29 11:49:33 - INFO - Received request to create url: url=Url('https://www.youtube.com/') description=None
2024-01-29 11:49:33 - INFO - Generated short url: 8uj8UxNN
2024-01-29 11:49:33 - INFO - {'method': 'POST', 'path': '/api/url', 'status_code': 400, 'process_time': '0.0095 ms'}
2024-01-29 11:51:37 - INFO - Received request to create url: url=Url('https://www.youtube.com/') description=None
2024-01-29 11:51:37 - INFO - Received request to create url: url=Url('https://www.youtube.com/') description=None
2024-01-29 11:51:37 - INFO - Generated short url: YVXBM4zE
2024-01-29 11:51:37 - INFO - {'method': 'POST', 'path': '/api/url', 'status_code': 400, 'process_time': '0.0083 ms'}
2024-01-29 11:51:59 - INFO - Received request to create url: url=Url('https://www.youtube.com/') description=None
2024-01-29 11:51:59 - INFO - Received request to create url: url=Url('https://www.youtube.com/') description=None
2024-01-29 11:51:59 - INFO - Generated short url: cN0dfPaL
2024-01-29 11:52:04 - INFO - {'method': 'POST', 'path': '/api/url', 'status_code': 400, 'process_time': '4.9562 ms'}
2024-01-29 11:53:38 - INFO - Received request to create url: url=Url('https://www.youtube.com/') description=None
2024-01-29 11:53:38 - INFO - Received request to create url: url=Url('https://www.youtube.com/') description=None
2024-01-29 11:53:38 - INFO - Generated short url: xK70NIKk
2024-01-29 11:53:40 - INFO - {'method': 'POST', 'path': '/api/url', 'status_code': 400, 'process_time': '1.7764 ms'}
2024-01-29 11:55:56 - INFO - Received request to create url: url=Url('https://www.youtube.com/') description=None
2024-01-29 11:55:56 - INFO - Received request to create url: url=Url('https://www.youtube.com/') description=None
2024-01-29 11:55:56 - INFO - Generated short url: 8N9HyZL7
2024-01-29 11:55:58 - INFO - {'method': 'POST', 'path': '/api/url', 'status_code': 400, 'process_time': '1.8632 ms'}
2024-01-29 11:56:10 - INFO - Received request to create url: url=Url('https://www.youtube.com/') description=None
2024-01-29 11:56:10 - INFO - Received request to create url: url=Url('https://www.youtube.com/') description=None
2024-01-29 11:56:10 - INFO - Generated short url: whcc9gLn
2024-01-29 11:56:13 - INFO - {'method': 'POST', 'path': '/api/url', 'status_code': 400, 'process_time': '2.0605 ms'}
2024-01-29 12:44:52 - INFO - {'method': 'POST', 'path': '/api/url', 'status_code': 422, 'process_time': '0.0046 ms'}
2024-01-29 12:45:00 - INFO - Received request to create url: original_url=Url('https://www.youtube.com/') custom_alias=None description=None
2024-01-29 12:45:04 - INFO - {'method': 'POST', 'path': '/api/url', 'status_code': 400, 'process_time': '3.9457 ms'}
2024-01-29 12:46:04 - INFO - Received request to create url: original_url=Url('https://www.youtube.com/') custom_alias=None description=None
2024-01-29 12:46:04 - INFO - {'method': 'POST', 'path': '/api/url', 'status_code': 400, 'process_time': '0.0070 ms'}
2024-01-29 12:46:14 - INFO - Received request to create url: original_url=Url('https://www.youtube.com/') custom_alias=None description=None
2024-01-29 12:46:14 - INFO - {'method': 'POST', 'path': '/api/url', 'status_code': 400, 'process_time': '0.0037 ms'}
2024-01-29 12:46:36 - INFO - Received request to create url: original_url=Url('https://www.youtube.com/') custom_alias=None description=None
2024-01-29 12:46:36 - INFO - {'method': 'POST', 'path': '/api/url', 'status_code': 400, 'process_time': '0.0086 ms'}
2024-01-29 12:48:21 - INFO - Received request to create url: original_url=Url('https://www.youtube.com/') custom_alias=None description=None
2024-01-29 12:48:21 - INFO - {'method': 'POST', 'path': '/api/url', 'status_code': 400, 'process_time': '0.0277 ms'}
2024-01-29 12:50:39 - INFO - Received request to create url: original_url=Url('https://www.youtube.com/') custom_alias=None description=None
2024-01-29 12:50:39 - INFO - {'method': 'POST', 'path': '/api/url', 'status_code': 400, 'process_time': '0.0074 ms'}
2024-01-29 12:52:00 - INFO - Received request to create url: original_url=Url('https://www.youtube.com/') custom_alias=None description=None
2024-01-29 12:52:05 - INFO - {'method': 'POST', 'path': '/api/url', 'status_code': 400, 'process_time': '5.0619 ms'}
2024-01-29 12:54:33 - INFO - Received request to create url: original_url=Url('https://www.youtube.com/') custom_alias=None description=None
2024-01-29 12:54:33 - INFO - {'method': 'POST', 'path': '/api/url', 'status_code': 400, 'process_time': '0.0070 ms'}
2024-01-29 12:55:04 - INFO - Received request to create url: original_url=Url('https://www.youtube.com/') custom_alias=None description=None
2024-01-29 12:55:04 - INFO - {'method': 'POST', 'path': '/api/url', 'status_code': 400, 'process_time': '0.0098 ms'}
2024-01-29 12:56:15 - INFO - Received request to create url: original_url=Url('https://www.youtube.com/') custom_alias=None description=None
2024-01-29 12:56:17 - INFO - {'method': 'POST', 'path': '/api/url', 'status_code': 400, 'process_time': '1.7898 ms'}
2024-01-29 12:56:43 - INFO - Received request to create url: original_url=Url('https://www.youtube.com/') custom_alias=None description=None
2024-01-29 12:56:45 - INFO - {'method': 'POST', 'path': '/api/url', 'status_code': 400, 'process_time': '1.6924 ms'}
2024-01-29 12:57:45 - INFO - Received request to create url: original_url=Url('https://www.youtube.com/') custom_alias=None description=None
2024-01-29 12:57:49 - INFO - {'method': 'POST', 'path': '/api/url', 'status_code': 200, 'process_time': '4.2145 ms'}
2024-01-29 13:37:30 - INFO - Received request to create url: original_url=Url('https://www.youtube.com/') custom_alias=None description=None
2024-01-29 13:37:37 - INFO - {'method': 'POST', 'path': '/api/url', 'status_code': 200, 'process_time': '7.1075 ms'}
2024-01-29 13:41:05 - INFO - Received request to create url: original_url=Url('https://www.youtube.com/') custom_alias=None description=None
2024-01-29 13:41:07 - INFO - {'method': 'POST', 'path': '/api/url', 'status_code': 200, 'process_time': '2.3358 ms'}
2024-01-29 13:41:14 - INFO - Received request to create url: original_url=Url('https://www.youtube.com/') custom_alias=None description=None
2024-01-29 13:41:15 - INFO - {'method': 'POST', 'path': '/api/url', 'status_code': 200, 'process_time': '0.6234 ms'}
2024-01-29 13:41:26 - INFO - {'method': 'POST', 'path': '/api/url', 'status_code': 422, 'process_time': '0.0427 ms'}
2024-01-29 13:42:27 - INFO - Received request to create url: original_url=Url('https://www.youtube.com/') custom_alias=None description=None
2024-01-29 13:42:28 - INFO - {'method': 'POST', 'path': '/api/url', 'status_code': 200, 'process_time': '0.5930 ms'}
2024-01-29 14:02:08 - INFO - Received request to create url: original_url=Url('https://www.youtube.com/') custom_alias=None description=None
2024-01-29 14:02:26 - INFO - {'method': 'POST', 'path': '/api/url', 'status_code': 200, 'process_time': '17.2455 ms'}
2024-01-29 14:02:46 - INFO - Received request to create url: original_url=Url('https://www.youtube.com/') custom_alias=None description=None
2024-01-29 14:02:48 - INFO - Short URL PlmzSqU2 already exists. Generating a new one...
2024-01-29 14:02:49 - INFO - {'method': 'POST', 'path': '/api/url', 'status_code': 200, 'process_time': '3.3864 ms'}
2024-01-29 14:15:42 - INFO - Received request to redirect url: Ylwx18MI
2024-01-29 14:15:46 - INFO - {'method': 'GET', 'path': '/Ylwx18MI', 'status_code': 307, 'process_time': '4.0024 ms'}
2024-01-29 14:16:24 - INFO - Received request to redirect url: sadasdasd
2024-01-29 14:16:25 - INFO - {'method': 'GET', 'path': '/sadasdasd', 'status_code': 400, 'process_time': '0.3447 ms'}
2024-01-29 16:11:32 - INFO - Received request to create url: original_url=Url('https://www.youtube.com/') custom_alias=None description=None
2024-01-29 16:11:35 - INFO - {
data: "EvePlops"
}
2024-01-29 16:11:40 - INFO - {'method': 'POST', 'path': '/api/url', 'status_code': 400, 'process_time': '8.0686 ms'}
2024-01-29 16:12:02 - INFO - Received request to create url: original_url=Url('https://www.youtube.com/') custom_alias=None description=None
2024-01-29 16:12:05 - INFO - {'method': 'POST', 'path': '/api/url', 'status_code': 400, 'process_time': '2.8370 ms'}
2024-01-29 16:12:59 - INFO - Received request to create url: original_url=Url('https://www.youtube.com/') custom_alias=None description=None
2024-01-29 16:13:04 - INFO - {'method': 'POST', 'path': '/api/url', 'status_code': 400, 'process_time': '5.0668 ms'}
2024-01-29 16:13:30 - INFO - Received request to create url: original_url=Url('https://www.youtube.com/') custom_alias=None description=None
2024-01-29 16:13:34 - INFO - {'method': 'POST', 'path': '/api/url', 'status_code': 400, 'process_time': '4.6919 ms'}
2024-01-29 16:13:44 - INFO - Received request to create url: original_url=Url('https://www.youtube.com/') custom_alias=None description=None
2024-01-29 16:13:47 - INFO - {'method': 'POST', 'path': '/api/url', 'status_code': 400, 'process_time': '3.0900 ms'}
2024-01-29 16:16:07 - INFO - Received request to create url: original_url=Url('https://www.youtube.com/') custom_alias=None description=None
2024-01-29 16:16:10 - INFO - {'method': 'POST', 'path': '/api/url', 'status_code': 400, 'process_time': '2.8874 ms'}
2024-01-29 16:17:53 - INFO - Received request to create url: original_url=Url('https://www.youtube.com/') custom_alias=None description=None
2024-01-29 16:17:57 - INFO - {'method': 'POST', 'path': '/api/url', 'status_code': 400, 'process_time': '4.7253 ms'}
2024-01-29 16:48:15 - INFO - Received request to create url: original_url=Url('https://www.youtube.com/') custom_alias=None description=None
2024-01-29 16:48:25 - INFO - {'method': 'POST', 'path': '/api/url', 'status_code': 200, 'process_time': '10.3046 ms'}
2024-01-29 16:48:49 - INFO - Received request to create url: original_url=Url('https://www.youtube.com/') custom_alias=None description=None
2024-01-29 16:48:55 - INFO - {'method': 'POST', 'path': '/api/url', 'status_code': 200, 'process_time': '6.5052 ms'}
2024-01-29 16:49:12 - INFO - Received request to create url: original_url=Url('https://www.youtube.com/') custom_alias=None description=None
2024-01-29 16:49:17 - INFO - {'method': 'POST', 'path': '/api/url', 'status_code': 200, 'process_time': '5.5999 ms'}
2024-01-29 16:49:51 - INFO - Received request to create url: original_url=Url('https://www.youtube.com/') custom_alias=None description=None
2024-01-29 16:49:58 - INFO - {'method': 'POST', 'path': '/api/url', 'status_code': 200, 'process_time': '7.1912 ms'}
2024-01-29 16:51:28 - INFO - Received request to create url: original_url=Url('https://www.youtube.com/') custom_alias=None description=None
2024-01-29 16:51:34 - INFO - {'method': 'POST', 'path': '/api/url', 'status_code': 200, 'process_time': '6.2965 ms'}
2024-01-29 16:51:53 - INFO - Received request to create url: original_url=Url('https://www.youtube.com/') custom_alias=None description=None
2024-01-29 16:51:55 - INFO - {'method': 'POST', 'path': '/api/url', 'status_code': 200, 'process_time': '2.2249 ms'}
2024-01-29 16:52:08 - INFO - Received request to create url: original_url=Url('https://www.youtube.com/') custom_alias=None description=None
2024-01-29 16:52:13 - INFO - {'method': 'POST', 'path': '/api/url', 'status_code': 200, 'process_time': '5.2052 ms'}
2024-01-29 16:52:32 - INFO - Received request to create url: original_url=Url('https://www.youtube.com/') custom_alias=None description=None
2024-01-29 16:52:40 - INFO - {'method': 'POST', 'path': '/api/url', 'status_code': 200, 'process_time': '7.5931 ms'}
2024-01-29 16:55:02 - INFO - Received request to create url: original_url=Url('https://www.uottawa.ca/library/copyright/instructors/using-publicly-accessible-websites-digital-media') custom_alias=None description=None
2024-01-29 16:55:08 - INFO - {'method': 'POST', 'path': '/api/url', 'status_code': 200, 'process_time': '5.6599 ms'}
2024-01-29 16:55:19 - INFO - Received request to create url: original_url=Url('https://www.uottawa.ca/library/copyright/instructors/using-publicly-accessible-websites-digital-media') custom_alias=None description=None
2024-01-29 16:55:22 - INFO - {'method': 'POST', 'path': '/api/url', 'status_code': 200, 'process_time': '2.8444 ms'}
2024-01-29 16:55:54 - INFO - Received request to create url: original_url=Url('https://www.uottawa.ca/library/copyright/instructors/using-publicly-accessible-websites-digital-media') custom_alias=None description=None
2024-01-29 16:55:59 - INFO - {'method': 'POST', 'path': '/api/url', 'status_code': 200, 'process_time': '5.2691 ms'}
2024-01-29 16:57:25 - INFO - Received request to create url: original_url=Url('https://www.uottawa.ca/library/copyright/instructors/using-publicly-accessible-websites-digital-media') custom_alias=None description=None
2024-01-29 16:57:31 - INFO - {'method': 'POST', 'path': '/api/url', 'status_code': 200, 'process_time': '6.5906 ms'}
2024-01-29 16:57:34 - INFO - Received request to create url: original_url=Url('https://www.uottawa.ca/library/copyright/instructors/using-publicly-accessible-websites-digital-media') custom_alias=None description=None
2024-01-29 16:57:37 - INFO - {'method': 'POST', 'path': '/api/url', 'status_code': 200, 'process_time': '2.5312 ms'}
2024-01-29 17:02:21 - INFO - Received request to create url: original_url=Url('https://www.uottawa.ca/library/copyright/instructors/using-publicly-accessible-websites-digital-media') custom_alias=None description=None
2024-01-29 17:02:27 - INFO - {'method': 'POST', 'path': '/api/url', 'status_code': 200, 'process_time': '6.0057 ms'}
2024-01-29 17:04:00 - INFO - Received request to create url: original_url=Url('https://www.uottawa.ca/library/copyright/instructors/using-publicly-accessible-websites-digital-media') custom_alias=None description=None
2024-01-29 17:04:06 - INFO - {'method': 'POST', 'path': '/api/url', 'status_code': 200, 'process_time': '6.0995 ms'}
2024-01-29 17:04:17 - INFO - Received request to create url: original_url=Url('https://www.uottawa.ca/library/copyright/instructors/using-publicly-accessible-websites-digital-media') custom_alias=None description=None
2024-01-29 17:04:20 - INFO - {'method': 'POST', 'path': '/api/url', 'status_code': 200, 'process_time': '2.3476 ms'}
2024-01-29 17:05:44 - INFO - Received request to create url: original_url=Url('https://www.uottawa.ca/library/copyright/instructors/using-publicly-accessible-websites-digital-media') custom_alias=None description=None
2024-01-29 17:05:50 - INFO - {'method': 'POST', 'path': '/api/url', 'status_code': 200, 'process_time': '6.2595 ms'}
2024-01-29 17:05:54 - INFO - Received request to create url: original_url=Url('https://www.uottawa.ca/library/copyright/instructors/using-publicly-accessible-websites-digital-media') custom_alias=None description=None
2024-01-29 17:05:57 - INFO - {'method': 'POST', 'path': '/api/url', 'status_code': 200, 'process_time': '2.7474 ms'}
2024-01-29 17:06:25 - INFO - Received request to create url: original_url=Url('https://www.uottawa.ca/library/copyright/instructors/using-publicly-accessible-websites-digital-media') custom_alias=None description=None
2024-01-29 17:06:31 - INFO - {'method': 'POST', 'path': '/api/url', 'status_code': 200, 'process_time': '5.5254 ms'}
2024-01-29 17:07:27 - INFO - Received request to create url: original_url=Url('https://www.uottawa.ca/library/copyright/instructors/using-publicly-accessible-websites-digital-media') custom_alias=None description=None
2024-01-29 17:07:33 - INFO - {'method': 'POST', 'path': '/api/url', 'status_code': 200, 'process_time': '6.1895 ms'}
2024-01-29 17:07:35 - INFO - Received request to create url: original_url=Url('https://www.uottawa.ca/library/copyright/instructors/using-publicly-accessible-websites-digital-media') custom_alias=None description=None
2024-01-29 17:07:37 - INFO - {'method': 'POST', 'path': '/api/url', 'status_code': 200, 'process_time': '1.7671 ms'}
2024-01-29 17:07:39 - INFO - Received request to create url: original_url=Url('https://www.uottawa.ca/library/copyright/instructors/using-publicly-accessible-websites-digital-media') custom_alias=None description=None
2024-01-29 17:07:40 - INFO - {'method': 'POST', 'path': '/api/url', 'status_code': 200, 'process_time': '1.6376 ms'}
2024-01-29 17:08:00 - INFO - Received request to create url: original_url=Url('https://www.uottawa.ca/library/copyright/instructors/using-publicly-accessible-websites-digital-media') custom_alias=None description=None
2024-01-29 17:08:05 - INFO - {'method': 'POST', 'path': '/api/url', 'status_code': 200, 'process_time': '4.7264 ms'}
2024-01-29 17:08:33 - INFO - Received request to create url: original_url=Url('https://www.uottawa.ca/library/copyright/instructors/using-publicly-accessible-websites-digital-media') custom_alias=None description=None
2024-01-29 17:08:33 - INFO - {'method': 'POST', 'path': '/api/url', 'status_code': 400, 'process_time': '0.0060 ms'}
2024-01-29 17:08:57 - INFO - Received request to create url: original_url=Url('https://www.uottawa.ca/library/copyright/instructors/using-publicly-accessible-websites-digital-media') custom_alias=None description=None
2024-01-29 17:08:57 - INFO - {'method': 'POST', 'path': '/api/url', 'status_code': 400, 'process_time': '0.0070 ms'}
2024-01-29 17:09:25 - INFO - Received request to create url: original_url=Url('https://www.uottawa.ca/library/copyright/instructors/using-publicly-accessible-websites-digital-media') custom_alias=None description=None
2024-01-29 17:09:28 - INFO - {'method': 'POST', 'path': '/api/url', 'status_code': 200, 'process_time': '2.8647 ms'}
2024-01-29 17:09:46 - INFO - Received request to create url: original_url=Url('https://www.uottawa.ca/library/copyright/instructors/using-publicly-accessible-websites-digital-media') custom_alias=None description=None
2024-01-29 17:09:49 - INFO - Smart URL: Intellectualism
2024-01-29 17:09:51 - INFO - {'method': 'POST', 'path': '/api/url', 'status_code': 200, 'process_time': '4.7164 ms'}
2024-01-29 17:09:54 - INFO - Received request to create url: original_url=Url('https://www.uottawa.ca/library/copyright/instructors/using-publicly-accessible-websites-digital-media') custom_alias=None description=None
2024-01-29 17:09:55 - INFO - Smart URL: Collections
2024-01-29 17:09:55 - INFO - {'method': 'POST', 'path': '/api/url', 'status_code': 200, 'process_time': '1.7254 ms'}
2024-01-29 17:09:57 - INFO - Received request to create url: original_url=Url('https://www.uottawa.ca/library/copyright/instructors/using-publicly-accessible-websites-digital-media') custom_alias=None description=None
2024-01-29 17:09:58 - INFO - Smart URL: Reservations
2024-01-29 17:09:59 - INFO - {'method': 'POST', 'path': '/api/url', 'status_code': 200, 'process_time': '2.1330 ms'}
2024-01-29 17:10:00 - INFO - Received request to create url: original_url=Url('https://www.uottawa.ca/library/copyright/instructors/using-publicly-accessible-websites-digital-media') custom_alias=None description=None
2024-01-29 17:10:02 - INFO - Smart URL: Exploration
2024-01-29 17:10:02 - INFO - {'method': 'POST', 'path': '/api/url', 'status_code': 200, 'process_time': '1.8752 ms'}
2024-01-29 17:10:03 - INFO - Received request to create url: original_url=Url('https://www.uottawa.ca/library/copyright/instructors/using-publicly-accessible-websites-digital-media') custom_alias=None description=None
2024-01-29 17:10:04 - INFO - Smart URL: Knowledge
2024-01-29 17:10:05 - INFO - {'method': 'POST', 'path': '/api/url', 'status_code': 200, 'process_time': '1.6710 ms'}
2024-01-29 17:10:06 - INFO - Received request to create url: original_url=Url('https://www.uottawa.ca/library/copyright/instructors/using-publicly-accessible-websites-digital-media') custom_alias=None description=None
2024-01-29 17:10:07 - INFO - Smart URL: Recipes
2024-01-29 17:10:08 - INFO - {'method': 'POST', 'path': '/api/url', 'status_code': 200, 'process_time': '1.6403 ms'}
2024-01-29 17:10:11 - INFO - Received request to create url: original_url=Url('https://www.uottawa.ca/library/copyright/instructors/using-publicly-accessible-websites-digital-media') custom_alias=None description=None
2024-01-29 17:10:13 - INFO - Smart URL: Astronomy
2024-01-29 17:10:14 - INFO - {'method': 'POST', 'path': '/api/url', 'status_code': 200, 'process_time': '2.6696 ms'}
2024-01-29 17:10:36 - INFO - Received request to create url: original_url=Url('https://www.uottawa.ca/library/copyright/instructors/using-publicly-accessible-websites-digital-media') custom_alias=None description=None
2024-01-29 17:10:38 - INFO - Smart URL: Photography
2024-01-29 17:10:41 - INFO - {'method': 'POST', 'path': '/api/url', 'status_code': 200, 'process_time': '4.9181 ms'}
2024-01-29 17:11:04 - INFO - Received request to create url: original_url=Url('https://www.uottawa.ca/library/copyright/instructors/using-publicly-accessible-websites-digital-media') custom_alias=None description=None
2024-01-29 17:11:07 - INFO - Smart URL: Botanical
2024-01-29 17:11:09 - INFO - {'method': 'POST', 'path': '/api/url', 'status_code': 200, 'process_time': '4.8312 ms'}
2024-01-29 17:11:52 - INFO - Received request to create url: original_url=Url('https://www.uottawa.ca/library/copyright/instructors/using-publicly-accessible-websites-digital-media') custom_alias=None description=None
2024-01-29 17:11:57 - INFO - {'method': 'POST', 'path': '/api/url', 'status_code': 200, 'process_time': '5.0435 ms'}
2024-01-29 17:13:29 - INFO - Received request to create url: original_url=Url('https://www.uottawa.ca/library/copyright/instructors/using-publicly-accessible-websites-digital-media') custom_alias=None description=None
2024-01-29 17:13:33 - INFO - {'method': 'POST', 'path': '/api/url', 'status_code': 400, 'process_time': '3.6468 ms'}
2024-01-29 17:14:21 - INFO - Received request to create url: original_url=Url('https://www.uottawa.ca/library/copyright/instructors/using-publicly-accessible-websites-digital-media') custom_alias=None description=None
2024-01-29 17:14:24 - INFO - {'method': 'POST', 'path': '/api/url', 'status_code': 400, 'process_time': '2.5727 ms'}
2024-01-29 17:17:30 - INFO - Received request to create url: original_url=Url('https://www.uottawa.ca/library/copyright/instructors/using-publicly-accessible-websites-digital-media') custom_alias=None description=None
2024-01-29 17:17:33 - INFO - {'method': 'POST', 'path': '/api/url', 'status_code': 400, 'process_time': '2.5974 ms'}
2024-01-29 17:18:13 - INFO - Received request to create url: original_url=Url('https://www.uottawa.ca/library/copyright/instructors/using-publicly-accessible-websites-digital-media') custom_alias=None description=None
2024-01-29 17:18:16 - INFO - {'method': 'POST', 'path': '/api/url', 'status_code': 400, 'process_time': '3.3735 ms'}
2024-01-29 17:18:43 - INFO - Received request to create url: original_url=Url('https://www.uottawa.ca/library/copyright/instructors/using-publicly-accessible-websites-digital-media') custom_alias=None description=None
2024-01-29 17:18:46 - INFO - {'method': 'POST', 'path': '/api/url', 'status_code': 400, 'process_time': '3.0841 ms'}
2024-01-29 17:23:06 - INFO - Received request to create url: original_url=Url('https://www.uottawa.ca/library/copyright/instructors/using-publicly-accessible-websites-digital-media') custom_alias=None description=None
2024-01-29 17:23:09 - INFO - {'method': 'POST', 'path': '/api/url', 'status_code': 400, 'process_time': '3.1308 ms'}
2024-01-29 17:24:45 - INFO - Received request to create url: original_url=Url('https://www.uottawa.ca/library/copyright/instructors/using-publicly-accessible-websites-digital-media') custom_alias=None description=None
2024-01-29 17:24:49 - INFO - {'method': 'POST', 'path': '/api/url', 'status_code': 400, 'process_time': '4.1494 ms'}
2024-01-29 17:25:04 - INFO - Received request to create url: original_url=Url('https://www.uottawa.ca/library/copyright/instructors/using-publicly-accessible-websites-digital-media') custom_alias=None description=None
2024-01-29 17:25:07 - INFO - {'method': 'POST', 'path': '/api/url', 'status_code': 400, 'process_time': '3.3349 ms'}
2024-01-29 17:25:26 - INFO - Received request to create url: original_url=Url('https://www.uottawa.ca/library/copyright/instructors/using-publicly-accessible-websites-digital-media') custom_alias=None description=None
2024-01-29 17:25:30 - INFO - {'method': 'POST', 'path': '/api/url', 'status_code': 400, 'process_time': '3.3731 ms'}
2024-01-29 17:26:21 - INFO - Received request to create url: original_url=Url('https://www.uottawa.ca/library/copyright/instructors/using-publicly-accessible-websites-digital-media') custom_alias=None description=None
2024-01-29 17:26:24 - INFO - {'method': 'POST', 'path': '/api/url', 'status_code': 400, 'process_time': '3.1415 ms'}
2024-01-29 17:26:47 - INFO - Received request to create url: original_url=Url('https://www.uottawa.ca/library/copyright/instructors/using-publicly-accessible-websites-digital-media') custom_alias=None description=None
2024-01-29 17:26:50 - INFO - {'method': 'POST', 'path': '/api/url', 'status_code': 400, 'process_time': '2.9784 ms'}
2024-01-29 17:27:06 - INFO - Received request to create url: original_url=Url('https://www.uottawa.ca/library/copyright/instructors/using-publicly-accessible-websites-digital-media') custom_alias=None description=None
2024-01-29 17:27:09 - INFO - {'method': 'POST', 'path': '/api/url', 'status_code': 400, 'process_time': '2.8253 ms'}
2024-01-29 17:27:24 - INFO - Received request to create url: original_url=Url('https://www.uottawa.ca/library/copyright/instructors/using-publicly-accessible-websites-digital-media') custom_alias=None description=None
2024-01-29 17:27:27 - INFO - {'method': 'POST', 'path': '/api/url', 'status_code': 400, 'process_time': '2.7650 ms'}
2024-01-29 17:28:20 - INFO - Received request to create url: original_url=Url('https://www.uottawa.ca/library/copyright/instructors/using-publicly-accessible-websites-digital-media') custom_alias=None description=None
2024-01-29 17:28:27 - INFO - {'method': 'POST', 'path': '/api/url', 'status_code': 200, 'process_time': '7.0585 ms'}
2024-01-29 17:28:45 - INFO - Received request to redirect url: PublicDigitalMedia
2024-01-29 17:28:46 - INFO - {'method': 'GET', 'path': '/PublicDigitalMedia', 'status_code': 307, 'process_time': '0.3244 ms'}
2024-01-29 17:29:36 - INFO - Received request to create url: original_url=Url('https://www.uottawa.ca/library/copyright/instructors/using-publicly-accessible-websites-digital-media') custom_alias=None description=None
2024-01-29 17:29:42 - INFO - {'method': 'POST', 'path': '/api/url', 'status_code': 200, 'process_time': '5.5350 ms'}
2024-01-29 17:31:38 - INFO - Received request to create url: original_url=Url('https://www.uottawa.ca/library/copyright/instructors/using-publicly-accessible-websites-digital-media') custom_alias=None description=None
2024-01-29 17:31:44 - INFO - {'method': 'POST', 'path': '/api/url', 'status_code': 200, 'process_time': '5.5521 ms'}
2024-01-29 17:33:01 - INFO - Received request to create url: original_url=Url('https://www.uottawa.ca/library/copyright/instructors/using-publicly-accessible-websites-digital-media') custom_alias=None description=None
2024-01-29 17:33:06 - INFO - {'method': 'POST', 'path': '/api/url', 'status_code': 200, 'process_time': '5.2848 ms'}
2024-01-29 17:33:31 - INFO - Received request to create url: original_url=Url('https://www.uottawa.ca/library/copyright/instructors/using-publicly-accessible-websites-digital-media') custom_alias=None description=None
2024-01-29 17:33:37 - INFO - {'method': 'POST', 'path': '/api/url', 'status_code': 200, 'process_time': '6.6008 ms'}
2024-01-29 17:34:00 - INFO - Received request to create url: original_url=Url('https://www.uottawa.ca/library/copyright/instructors/using-publicly-accessible-websites-digital-media') custom_alias=None description=None
2024-01-29 17:34:06 - INFO - {'method': 'POST', 'path': '/api/url', 'status_code': 200, 'process_time': '6.4853 ms'}
2024-01-29 17:38:27 - INFO - {'method': 'GET', 'path': '/docs', 'status_code': 200, 'process_time': '0.0020 ms'}
2024-01-29 17:38:28 - INFO - {'method': 'GET', 'path': '/openapi.json', 'status_code': 200, 'process_time': '0.0006 ms'}
2024-01-29 17:39:25 - INFO - {'method': 'GET', 'path': '/docs', 'status_code': 200, 'process_time': '0.0030 ms'}
2024-01-29 17:39:26 - INFO - {'method': 'GET', 'path': '/openapi.json', 'status_code': 200, 'process_time': '0.0025 ms'}
2024-01-29 17:40:10 - INFO - Received request to get url: PublicDigitalMedia-9V2
2024-01-29 17:40:10 - INFO - {'method': 'GET', 'path': '/api/url/PublicDigitalMedia-9V2', 'status_code': 400, 'process_time': '0.0015 ms'}
2024-01-29 17:40:30 - INFO - Received request to get url: PublicDigitalMedia-9V2
2024-01-29 17:40:30 - INFO - {'method': 'GET', 'path': '/api/url/PublicDigitalMedia-9V2', 'status_code': 400, 'process_time': '0.0040 ms'}
2024-01-29 17:41:06 - INFO - {'method': 'GET', 'path': '/docs', 'status_code': 200, 'process_time': '0.0000 ms'}
2024-01-29 17:41:06 - INFO - {'method': 'GET', 'path': '/openapi.json', 'status_code': 200, 'process_time': '0.0034 ms'}
2024-01-29 17:41:11 - INFO - Received request to get url: PublicDigitalMedia-9V2
2024-01-29 17:41:15 - INFO - {'method': 'GET', 'path': '/api/url/PublicDigitalMedia-9V2', 'status_code': 200, 'process_time': '3.6070 ms'}
2024-01-29 17:41:43 - INFO - Received request to get url: PublicDigitalMedia-9V2
2024-01-29 17:41:45 - INFO - {'method': 'GET', 'path': '/api/url/PublicDigitalMedia-9V2', 'status_code': 200, 'process_time': '2.0392 ms'}
2024-01-29 17:42:07 - INFO - {'method': 'GET', 'path': '/docs', 'status_code': 200, 'process_time': '0.0030 ms'}
2024-01-29 17:42:07 - INFO - {'method': 'GET', 'path': '/openapi.json', 'status_code': 200, 'process_time': '0.0031 ms'}
2024-01-29 17:44:41 - INFO - {'method': 'GET', 'path': '/docs', 'status_code': 200, 'process_time': '0.0020 ms'}
2024-01-29 17:44:41 - INFO - {'method': 'GET', 'path': '/openapi.json', 'status_code': 200, 'process_time': '0.0106 ms'}
2024-01-29 17:45:48 - INFO - {'method': 'GET', 'path': '/docs', 'status_code': 200, 'process_time': '0.0020 ms'}
2024-01-29 17:45:48 - INFO - {'method': 'GET', 'path': '/openapi.json', 'status_code': 200, 'process_time': '0.0006 ms'}
2024-01-29 17:51:56 - INFO - {'method': 'GET', 'path': '/docs', 'status_code': 200, 'process_time': '0.0020 ms'}
2024-01-29 17:51:56 - INFO - {'method': 'GET', 'path': '/openapi.json', 'status_code': 200, 'process_time': '0.0082 ms'}
2024-01-29 17:52:43 - INFO - {'method': 'GET', 'path': '/docs', 'status_code': 200, 'process_time': '0.0020 ms'}
2024-01-29 17:52:44 - INFO - {'method': 'GET', 'path': '/openapi.json', 'status_code': 200, 'process_time': '0.0091 ms'}
2024-01-29 17:53:02 - INFO - {'method': 'GET', 'path': '/docs', 'status_code': 200, 'process_time': '0.0030 ms'}
2024-01-29 17:53:02 - INFO - {'method': 'GET', 'path': '/openapi.json', 'status_code': 200, 'process_time': '0.0086 ms'}
2024-01-29 17:53:17 - INFO - {'method': 'GET', 'path': '/docs', 'status_code': 200, 'process_time': '0.0020 ms'}
2024-01-29 17:53:17 - INFO - {'method': 'GET', 'path': '/openapi.json', 'status_code': 200, 'process_time': '0.0081 ms'}
2024-01-29 17:53:29 - INFO - Received request to redirect url: asdasdasd
2024-01-29 17:53:36 - INFO - {'method': 'GET', 'path': '/asdasdasd', 'status_code': 400, 'process_time': '7.4415 ms'}
2024-01-29 17:54:10 - INFO - Received request to redirect url: asdasdasd
2024-01-29 17:54:12 - INFO - {'method': 'GET', 'path': '/asdasdasd', 'status_code': 400, 'process_time': '2.0343 ms'}
2024-01-29 17:54:32 - INFO - Received request to redirect url: asdasdasd
2024-01-29 17:54:34 - INFO - {'method': 'GET', 'path': '/asdasdasd', 'status_code': 400, 'process_time': '1.9645 ms'}
2024-01-29 17:56:51 - INFO - Received request to redirect url: asdasdasd
2024-01-29 17:56:53 - INFO - {'method': 'GET', 'path': '/asdasdasd', 'status_code': 400, 'process_time': '1.9767 ms'}
2024-01-29 17:57:16 - INFO - Received request to redirect url: asdasdasd
2024-01-29 17:57:18 - INFO - {'method': 'GET', 'path': '/asdasdasd', 'status_code': 400, 'process_time': '1.9297 ms'}
2024-01-29 17:58:10 - INFO - {'method': 'GET', 'path': '/docs', 'status_code': 200, 'process_time': '0.0020 ms'}
2024-01-29 17:58:10 - INFO - {'method': 'GET', 'path': '/openapi.json', 'status_code': 200, 'process_time': '0.0086 ms'}
2024-01-29 17:58:27 - INFO - {'method': 'GET', 'path': '/docs', 'status_code': 200, 'process_time': '0.0020 ms'}
2024-01-29 17:58:27 - INFO - {'method': 'GET', 'path': '/openapi.json', 'status_code': 200, 'process_time': '0.0081 ms'}
2024-01-29 17:58:36 - INFO - {'method': 'GET', 'path': '/docs', 'status_code': 200, 'process_time': '0.0020 ms'}
2024-01-29 17:58:36 - INFO - {'method': 'GET', 'path': '/openapi.json', 'status_code': 200, 'process_time': '0.0086 ms'}
2024-01-29 17:58:55 - INFO - {'method': 'GET', 'path': '/docs', 'status_code': 200, 'process_time': '0.0020 ms'}
2024-01-29 17:58:55 - INFO - {'method': 'GET', 'path': '/openapi.json', 'status_code': 200, 'process_time': '0.0082 ms'}
2024-01-29 18:02:05 - INFO - {'method': 'GET', 'path': '/docs', 'status_code': 200, 'process_time': '0.0040 ms'}
2024-01-29 18:02:06 - INFO - {'method': 'GET', 'path': '/openapi.json', 'status_code': 200, 'process_time': '0.0005 ms'}
2024-01-29 18:02:41 - INFO - {'method': 'GET', 'path': '/docs', 'status_code': 200, 'process_time': '0.0020 ms'}
2024-01-29 18:02:41 - INFO - {'method': 'GET', 'path': '/openapi.json', 'status_code': 200, 'process_time': '0.0105 ms'}
2024-01-29 18:03:16 - INFO - {'method': 'GET', 'path': '/docs', 'status_code': 200, 'process_time': '0.0030 ms'}
2024-01-29 18:03:16 - INFO - {'method': 'GET', 'path': '/openapi.json', 'status_code': 200, 'process_time': '0.0096 ms'}
2024-01-29 18:03:25 - INFO - {'method': 'GET', 'path': '/docs', 'status_code': 200, 'process_time': '0.0000 ms'}
2024-01-29 18:03:25 - INFO - {'method': 'GET', 'path': '/openapi.json', 'status_code': 200, 'process_time': '0.0005 ms'}
2024-01-29 18:07:12 - INFO - {'method': 'GET', 'path': '/openapi.json', 'status_code': 200, 'process_time': '0.0116 ms'}
2024-01-29 18:08:58 - INFO - {'method': 'POST', 'path': '/api/url', 'status_code': 201, 'process_time': '7.7307 ms'}
2024-01-29 18:09:34 - INFO - {'method': 'GET', 'path': '/FounderTruthBombs-LVB', 'status_code': 307, 'process_time': '0.3015 ms'}
